<?xml version="1.0" encoding="UTF-8"?>
<testng-results total="1" passed="1" failed="0" skipped="0">
  <reporter-output>
  </reporter-output>
  <suite started-at="2019-02-20T21:03:13Z" name="Default suite" finished-at="2019-02-20T21:03:36Z" duration-ms="22904">
    <groups>
    </groups>
    <test started-at="2019-02-20T21:03:13Z" name="Default test" finished-at="2019-02-20T21:03:36Z" duration-ms="22904">
      <class name="runner.TestRunner">
        <test-method is-config="true" signature="setUP()[pri:0, instance:runner.TestRunner@3972a855]" started-at="2019-02-21T02:33:13Z" name="setUP" finished-at="2019-02-21T02:33:18Z" duration-ms="5106" status="PASS">
          <reporter-output>
          </reporter-output>
        </test-method> <!-- setUP -->
        <test-method signature="login(cucumber.api.testng.CucumberFeatureWrapper)[pri:0, instance:runner.TestRunner@3972a855]" started-at="2019-02-21T02:33:18Z" name="login" description="MapTest" data-provider="features" finished-at="2019-02-21T02:33:18Z" duration-ms="31" status="PASS">
          <params>
            <param index="0">
              <value>
                <![CDATA[feature name]]>
              </value>
            </param>
          </params>
          <reporter-output>
          </reporter-output>
        </test-method> <!-- login -->
        <test-method is-config="true" signature="tearDown()[pri:0, instance:runner.TestRunner@3972a855]" started-at="2019-02-21T02:33:18Z" name="tearDown" finished-at="2019-02-21T02:33:36Z" duration-ms="17673" status="PASS">
          <reporter-output>
          </reporter-output>
        </test-method> <!-- tearDown -->
      </class> <!-- runner.TestRunner -->
    </test> <!-- Default test -->
  </suite> <!-- Default suite -->
</testng-results>
